2025-03-20 07:46:03,302 - INFO - Successfully requested and received data from: https://econdata.s3-us-west-2.amazonaws.com/Reports/Hotness/RDC_Inventory_Hotness_Metrics_Metro_History.csv
2025-03-20 07:46:25,452 - INFO - Successfully requested and received data from: https://econdata.s3-us-west-2.amazonaws.com/Reports/Hotness/RDC_Inventory_Hotness_Metrics_Metro_History.csv
2025-03-20 07:50:56,194 - INFO - Successfully requested and received data from: https://econdata.s3-us-west-2.amazonaws.com/Reports/Hotness/RDC_Inventory_Hotness_Metrics_County_History.csv
2025-03-20 08:10:13,715 - INFO - Successfully requested and received data from: https://econdata.s3-us-west-2.amazonaws.com/Reports/Hotness/RDC_Inventory_Hotness_Metrics_County_History.csv
2025-03-20 08:14:20,248 - INFO - Successfully requested and received data from: https://econdata.s3-us-west-2.amazonaws.com/Reports/Hotness/RDC_Inventory_Hotness_Metrics_County_History.csv
2025-03-20 08:19:22,681 - INFO - ******************************************
2025-03-20 08:19:23,211 - INFO - Get Latest Yearmonth called, results for max date is None for table REALTOR_MNTHLY_HOT_COUNTY
2025-03-20 08:19:35,301 - INFO - Successfully requested and received data from: https://econdata.s3-us-west-2.amazonaws.com/Reports/Hotness/RDC_Inventory_Hotness_Metrics_County_History.csv
2025-03-20 08:19:35,721 - INFO - DataFrame head:
   month_date_yyyymm  county_fips                                         county_name  cbsa_code                                cbsa_title  household_count_rank  hotness_rank  hotness_score  supply_score  demand_score  median_days_on_market  page_view_count_per_property_mm  page_view_count_per_property_yy  page_view_count_per_property_vs_us  median_listing_price  quality_flag  hotness_rank_lm  hotness_rank_ly  median_days_on_market_ly  median_days_on_market_lm  median_days_on_market_us  median_listing_price_lm  median_listing_price_ly  median_listing_price_us          Update_Date
0             202502        25009                                           essex, ma      14460            Boston-Cambridge-Newton, MA-NH                    78             1        99.4413       99.4413         99.44                  24.50                          -0.0333                          -0.2337                              3.4798                744722             0                2                3                     25.75                     45.50                      66.0                   699900                   749950                   265254  2025-03-20 08:19:35
1             202502         9120              greater bridgeport planning region, ct      14860           Bridgeport-Stamford-Danbury, CT                   238             2        98.6965       98.6344         98.76                  31.25                           0.1008                          -0.1214                              3.1323                487000             0                4               27                     38.50                     57.50                      66.0                   469975                   504900                   223185  2025-03-20 08:19:35
2             202502        23001                                    androscoggin, me      30340                       Lewiston-Auburn, ME                   536             3        98.5723       97.5791         99.57                  35.50                          -0.0547                          -0.1953                              3.5613                379375             0                6              107                     53.75                     56.00                      66.0                   352450                   372000                   197507  2025-03-20 08:19:35
3             202502         9130  lower connecticut river valley planning region, ct      25540  Hartford-West Hartford-East Hartford, CT                   370             4        98.4171       97.2067         99.63                  36.00                          -0.1310                          -0.1314                              3.8064                627450             0                8              297                     70.00                     57.75                      66.0                   592975                   588650                   248698  2025-03-20 08:19:35
4             202502        34027                                          morris, nj      35620        New York-Newark-Jersey City, NY-NJ                   145             5        98.3551       98.8827         97.83                  30.50                           0.0367                          -0.1952                              2.9675                677450             0               10                4                     27.75                     48.50                      66.0                   685000                   677000                   256192  2025-03-20 08:19:35
2025-03-20 08:19:35,721 - INFO - Writing historical data to REALTOR_MNTHLY_HOT_COUNTY.
2025-03-20 08:24:38,286 - INFO - Main Function took 5 minutes and 15.61 seconds to run.
2025-03-20 08:24:38,286 - INFO - ******************************************
2025-03-20 08:26:24,115 - INFO - ******************************************
2025-03-20 08:26:24,541 - INFO - Get Latest Yearmonth called, results for max date is 202501 for table REALTOR_MNTHLY_HOT_COUNTY
2025-03-20 08:26:36,282 - INFO - Successfully requested and received data from: https://econdata.s3-us-west-2.amazonaws.com/Reports/Hotness/RDC_Inventory_Hotness_Metrics_County_History.csv
2025-03-20 08:26:36,314 - INFO - DataFrame head:
   month_date_yyyymm  county_fips                                         county_name  cbsa_code                                cbsa_title  household_count_rank  hotness_rank  hotness_score  supply_score  demand_score  median_days_on_market  page_view_count_per_property_mm  page_view_count_per_property_yy  page_view_count_per_property_vs_us  median_listing_price  quality_flag  hotness_rank_lm  hotness_rank_ly  median_days_on_market_ly  median_days_on_market_lm  median_days_on_market_us  median_listing_price_lm  median_listing_price_ly  median_listing_price_us          Update_Date
0             202502        25009                                           essex, ma      14460            Boston-Cambridge-Newton, MA-NH                    78             1        99.4413       99.4413         99.44                  24.50                          -0.0333                          -0.2337                              3.4798                744722             0                2                3                     25.75                     45.50                      66.0                   699900                   749950                   265254  2025-03-20 08:26:36
1             202502         9120              greater bridgeport planning region, ct      14860           Bridgeport-Stamford-Danbury, CT                   238             2        98.6965       98.6344         98.76                  31.25                           0.1008                          -0.1214                              3.1323                487000             0                4               27                     38.50                     57.50                      66.0                   469975                   504900                   223185  2025-03-20 08:26:36
2             202502        23001                                    androscoggin, me      30340                       Lewiston-Auburn, ME                   536             3        98.5723       97.5791         99.57                  35.50                          -0.0547                          -0.1953                              3.5613                379375             0                6              107                     53.75                     56.00                      66.0                   352450                   372000                   197507  2025-03-20 08:26:36
3             202502         9130  lower connecticut river valley planning region, ct      25540  Hartford-West Hartford-East Hartford, CT                   370             4        98.4171       97.2067         99.63                  36.00                          -0.1310                          -0.1314                              3.8064                627450             0                8              297                     70.00                     57.75                      66.0                   592975                   588650                   248698  2025-03-20 08:26:36
4             202502        34027                                          morris, nj      35620        New York-Newark-Jersey City, NY-NJ                   145             5        98.3551       98.8827         97.83                  30.50                           0.0367                          -0.1952                              2.9675                677450             0               10                4                     27.75                     48.50                      66.0                   685000                   677000                   256192  2025-03-20 08:26:36
2025-03-20 08:26:40,157 - INFO - Main Function took 0 minutes and 16.04 seconds to run.
2025-03-20 08:26:40,157 - INFO - ******************************************
2025-03-20 17:27:14,454 - INFO - ******************************************
2025-03-20 17:27:15,107 - INFO - Get Latest Yearmonth called, results for max date is 202502 for table REALTOR_MNTHLY_HOT_COUNTY
2025-03-20 17:27:24,137 - INFO - Main Function took 0 minutes and 9.68 seconds to run.
2025-03-20 17:27:24,138 - INFO - ******************************************
