2024-11-02 17:00:07,373 - INFO - ******************************************
2024-11-02 17:00:21,773 - INFO - Filtering data down to MA only.
2024-11-02 17:00:21,773 - INFO - Getting URL for model: All Homes (SFR, Condo/Co-op) Time Series, Smoothed, Seasonally Adjusted
2024-11-02 17:00:34,288 - INFO - Filtering data down to MA only.
2024-11-02 17:00:34,288 - INFO - Getting URL for model: Single-Family Homes Time Series
2024-11-02 17:00:38,399 - INFO - Filtering data down to MA only.
2024-11-02 17:00:38,399 - INFO - Getting URL for model: Condo/Co-op Time Series
2024-11-02 17:00:41,321 - INFO - Filtering data down to MA only.
2024-11-02 17:00:41,321 - INFO - Getting URL for model: 1-Bedroom Time Series
2024-11-02 17:00:49,865 - INFO - Filtering data down to MA only.
2024-11-02 17:00:49,865 - INFO - Getting URL for model: 2-Bedroom Time Series
2024-11-02 17:01:00,278 - INFO - Filtering data down to MA only.
2024-11-02 17:01:00,278 - INFO - Getting URL for model: 3-Bedroom Time Series
2024-11-02 17:01:08,236 - INFO - Filtering data down to MA only.
2024-11-02 17:01:08,251 - INFO - Getting URL for model: 4-Bedroom Time Series
2024-11-02 17:01:14,067 - INFO - Filtering data down to MA only.
2024-11-02 17:01:14,067 - INFO - Getting URL for model: 5+ Bedroom Time Series
2024-11-02 17:01:17,740 - INFO - Creating LKP_ZW_ZIP_lOCATION table succeeded.
2024-11-02 17:01:19,351 - INFO - Inserting append data into LKP_ZW_ZIP_lOCATION succeeded.
2024-11-02 17:11:54,873 - INFO - Inserting data into ZW_HOME_VALUES succeeded.
2024-11-02 17:11:54,936 - INFO - Main Function took 11 minutes and 47.56 seconds to run.
2024-11-02 17:11:54,936 - INFO - ******************************************
2024-11-02 18:41:08,674 - INFO - ******************************************
2024-11-02 18:41:20,132 - INFO - Pulling all states data.
2024-11-02 18:41:20,133 - INFO - Getting URL for model: All Homes (SFR, Condo/Co-op) Time Series, Smoothed, Seasonally Adjusted
2024-11-02 18:41:47,292 - INFO - Pulling all states data.
2024-11-02 18:41:47,293 - INFO - Getting URL for model: Single-Family Homes Time Series
2024-11-02 18:42:05,932 - INFO - Pulling all states data.
2024-11-02 18:42:05,933 - INFO - Getting URL for model: Condo/Co-op Time Series
2024-11-02 18:42:14,397 - INFO - Pulling all states data.
2024-11-02 18:42:14,398 - INFO - Getting URL for model: 1-Bedroom Time Series
2024-11-02 18:42:27,324 - INFO - Pulling all states data.
2024-11-02 18:42:27,324 - INFO - Getting URL for model: 2-Bedroom Time Series
2024-11-02 18:42:49,002 - INFO - Pulling all states data.
2024-11-02 18:42:49,003 - INFO - Getting URL for model: 3-Bedroom Time Series
2024-11-02 18:43:12,001 - INFO - Pulling all states data.
2024-11-02 18:43:12,002 - INFO - Getting URL for model: 4-Bedroom Time Series
2024-11-02 18:43:30,767 - INFO - Pulling all states data.
2024-11-02 18:43:30,768 - INFO - Getting URL for model: 5+ Bedroom Time Series
2024-11-02 18:45:49,965 - INFO - Creating LKP_ZW_ZIP_lOCATION table succeeded.
2024-11-02 18:45:50,106 - INFO - Inserting append data into LKP_ZW_ZIP_lOCATION succeeded.
2024-11-03 01:45:52,331 - INFO - Inserting data into ZW_HOME_VALUES succeeded.
2024-11-03 01:45:53,289 - INFO - Main Function took 424 minutes and 44.61 seconds to run.
2024-11-03 01:45:53,289 - INFO - ******************************************
2024-12-02 17:00:11,446 - INFO - ******************************************
2024-12-02 17:00:18,853 - INFO - Pulling all states data.
2024-12-02 17:00:18,853 - INFO - Getting URL for model: All Homes (SFR, Condo/Co-op) Time Series, Smoothed, Seasonally Adjusted
2024-12-02 17:00:41,104 - INFO - Pulling all states data.
2024-12-02 17:00:41,104 - INFO - Getting URL for model: Single-Family Homes Time Series
2024-12-02 17:00:54,574 - INFO - Pulling all states data.
2024-12-02 17:00:54,574 - INFO - Getting URL for model: Condo/Co-op Time Series
2024-12-02 17:01:00,215 - INFO - Pulling all states data.
2024-12-02 17:01:00,215 - INFO - Getting URL for model: 1-Bedroom Time Series
2024-12-02 17:01:11,044 - INFO - Pulling all states data.
2024-12-02 17:01:11,044 - INFO - Getting URL for model: 2-Bedroom Time Series
2024-12-02 17:01:29,061 - INFO - Pulling all states data.
2024-12-02 17:01:29,061 - INFO - Getting URL for model: 3-Bedroom Time Series
2024-12-02 17:01:47,062 - INFO - Pulling all states data.
2024-12-02 17:01:47,062 - INFO - Getting URL for model: 4-Bedroom Time Series
2024-12-02 17:02:00,579 - INFO - Pulling all states data.
2024-12-02 17:02:00,579 - INFO - Getting URL for model: 5+ Bedroom Time Series
2024-12-02 17:03:32,679 - INFO - Creating LKP_ZW_ZIP_lOCATION table succeeded.
2024-12-02 17:03:32,804 - INFO - Inserting append data into LKP_ZW_ZIP_lOCATION succeeded.
2024-12-02 23:42:10,650 - INFO - Inserting data into ZW_HOME_VALUES succeeded.
2024-12-02 23:42:11,650 - INFO - Main Function took 402 minutes and 0.19 seconds to run.
2024-12-02 23:42:11,650 - INFO - ******************************************
2025-01-02 17:00:10,050 - INFO - ******************************************
2025-01-02 17:00:18,237 - INFO - Pulling all states data.
2025-01-02 17:00:18,237 - INFO - Getting URL for model: All Homes (SFR, Condo/Co-op) Time Series, Smoothed, Seasonally Adjusted
2025-01-02 17:00:35,909 - INFO - Pulling all states data.
2025-01-02 17:00:35,909 - INFO - Getting URL for model: Single-Family Homes Time Series
2025-01-02 17:00:49,566 - INFO - Pulling all states data.
2025-01-02 17:00:49,566 - INFO - Getting URL for model: Condo/Co-op Time Series
2025-01-02 17:00:54,832 - INFO - Pulling all states data.
2025-01-02 17:00:54,832 - INFO - Getting URL for model: 1-Bedroom Time Series
2025-01-02 17:01:03,660 - INFO - Pulling all states data.
2025-01-02 17:01:03,660 - INFO - Getting URL for model: 2-Bedroom Time Series
2025-01-02 17:01:16,972 - INFO - Pulling all states data.
2025-01-02 17:01:16,972 - INFO - Getting URL for model: 3-Bedroom Time Series
2025-01-02 17:01:32,379 - INFO - Pulling all states data.
2025-01-02 17:01:32,379 - INFO - Getting URL for model: 4-Bedroom Time Series
2025-01-02 17:01:45,551 - INFO - Pulling all states data.
2025-01-02 17:01:45,551 - INFO - Getting URL for model: 5+ Bedroom Time Series
2025-01-02 17:03:16,224 - INFO - Creating LKP_ZW_ZIP_lOCATION table succeeded.
2025-01-02 17:03:16,365 - INFO - Inserting append data into LKP_ZW_ZIP_lOCATION succeeded.
2025-01-02 23:49:09,763 - INFO - Inserting data into ZW_HOME_VALUES succeeded.
2025-01-02 23:49:10,857 - INFO - Main Function took 409 minutes and 0.81 seconds to run.
2025-01-02 23:49:10,857 - INFO - ******************************************
2025-02-02 17:00:06,421 - INFO - ******************************************
2025-02-02 17:00:13,890 - INFO - Pulling all states data.
2025-02-02 17:00:13,890 - INFO - Getting URL for model: All Homes (SFR, Condo/Co-op) Time Series, Smoothed, Seasonally Adjusted
2025-02-02 17:00:36,984 - INFO - Pulling all states data.
2025-02-02 17:00:36,984 - INFO - Getting URL for model: Single-Family Homes Time Series
2025-02-02 17:00:53,204 - INFO - Pulling all states data.
2025-02-02 17:00:53,204 - INFO - Getting URL for model: Condo/Co-op Time Series
2025-02-02 17:00:58,985 - INFO - Pulling all states data.
2025-02-02 17:00:59,001 - INFO - Getting URL for model: 1-Bedroom Time Series
2025-02-02 17:01:10,704 - INFO - Pulling all states data.
2025-02-02 17:01:10,704 - INFO - Getting URL for model: 2-Bedroom Time Series
2025-02-02 17:01:25,860 - INFO - Pulling all states data.
2025-02-02 17:01:25,860 - INFO - Getting URL for model: 3-Bedroom Time Series
2025-02-02 17:01:41,986 - INFO - Pulling all states data.
2025-02-02 17:01:41,986 - INFO - Getting URL for model: 4-Bedroom Time Series
2025-02-02 17:01:54,595 - INFO - Pulling all states data.
2025-02-02 17:01:54,595 - INFO - Getting URL for model: 5+ Bedroom Time Series
2025-02-02 17:03:47,191 - INFO - Creating LKP_ZW_ZIP_lOCATION table succeeded.
2025-02-02 17:03:47,316 - INFO - Inserting append data into LKP_ZW_ZIP_lOCATION succeeded.
2025-02-02 23:51:05,872 - INFO - Inserting data into ZW_HOME_VALUES succeeded.
2025-02-02 23:51:07,513 - INFO - Main Function took 411 minutes and 1.09 seconds to run.
2025-02-02 23:51:07,513 - INFO - ******************************************
2025-03-02 17:00:07,445 - INFO - ******************************************
2025-03-02 17:00:18,649 - INFO - Pulling all states data.
2025-03-02 17:00:18,649 - INFO - Getting URL for model: All Homes (SFR, Condo/Co-op) Time Series, Smoothed, Seasonally Adjusted
2025-03-02 17:00:39,868 - INFO - Pulling all states data.
2025-03-02 17:00:39,868 - INFO - Getting URL for model: Single-Family Homes Time Series
2025-03-02 17:00:55,009 - INFO - Pulling all states data.
2025-03-02 17:00:55,009 - INFO - Getting URL for model: Condo/Co-op Time Series
2025-03-02 17:01:02,994 - INFO - Pulling all states data.
2025-03-02 17:01:03,009 - INFO - Getting URL for model: 1-Bedroom Time Series
2025-03-02 17:01:14,447 - INFO - Pulling all states data.
2025-03-02 17:01:14,447 - INFO - Getting URL for model: 2-Bedroom Time Series
2025-03-02 17:01:32,838 - INFO - Pulling all states data.
2025-03-02 17:01:32,838 - INFO - Getting URL for model: 3-Bedroom Time Series
2025-03-02 17:01:50,885 - INFO - Pulling all states data.
2025-03-02 17:01:50,885 - INFO - Getting URL for model: 4-Bedroom Time Series
2025-03-02 17:02:05,183 - INFO - Pulling all states data.
2025-03-02 17:02:05,198 - INFO - Getting URL for model: 5+ Bedroom Time Series
2025-03-02 17:03:37,794 - INFO - Creating LKP_ZW_ZIP_lOCATION table succeeded.
2025-03-02 17:03:37,919 - INFO - Inserting append data into LKP_ZW_ZIP_lOCATION succeeded.
2025-03-02 23:51:40,894 - INFO - Inserting data into ZW_HOME_VALUES succeeded.
2025-03-02 23:51:42,144 - INFO - Main Function took 411 minutes and 34.70 seconds to run.
2025-03-02 23:51:42,144 - INFO - ******************************************
